<?xml version="1.0" encoding="UTF-8"?>
<!-- Generated by org.testng.reporters.JUnitXMLReporter -->
<testsuite hostname="2016-20170725SS" ignored="0" name="Command line test" tests="3" failures="0" timestamp="10 三月 2018 02:58:48 GMT" time="15.231" errors="0">
  <testcase name="start" time="0.225" classname="TestModule2.TestJaveInPom"/>
  <testcase name="visit51buy" time="3.817" classname="TestModule3.TestMutipleThreads"/>
  <testcase name="visitJD" time="5.951" classname="TestModule3.TestMutipleThreads"/>
</testsuite> <!-- Command line test -->
