<?xml version="1.0" encoding="UTF-8"?>
<testng-results skipped="0" failed="0" ignored="0" total="3" passed="3">
  <reporter-output>
  </reporter-output>
  <suite name="Command line suite" duration-ms="15231" started-at="2018-03-10T02:58:33Z" finished-at="2018-03-10T02:58:48Z">
    <groups>
    </groups>
    <test name="Command line test" duration-ms="15231" started-at="2018-03-10T02:58:33Z" finished-at="2018-03-10T02:58:48Z">
      <class name="TestModule3.TestMutipleThreads">
        <test-method status="PASS" signature="visit51buy()[pri:0, instance:TestModule3.TestMutipleThreads@380fb434]" name="visit51buy" duration-ms="3817" started-at="2018-03-10T02:58:38Z" finished-at="2018-03-10T02:58:42Z">
          <reporter-output>
          </reporter-output>
        </test-method> <!-- visit51buy -->
        <test-method status="PASS" signature="visitJD()[pri:0, instance:TestModule3.TestMutipleThreads@380fb434]" name="visitJD" duration-ms="5951" started-at="2018-03-10T02:58:42Z" finished-at="2018-03-10T02:58:48Z">
          <reporter-output>
          </reporter-output>
        </test-method> <!-- visitJD -->
      </class> <!-- TestModule3.TestMutipleThreads -->
      <class name="TestModule2.TestJaveInPom">
        <test-method status="PASS" signature="beforeClass()[pri:0, instance:TestModule2.TestJaveInPom@21bcffb5]" name="beforeClass" is-config="true" duration-ms="4636" started-at="2018-03-10T02:58:33Z" finished-at="2018-03-10T02:58:37Z">
          <reporter-output>
          </reporter-output>
        </test-method> <!-- beforeClass -->
        <test-method status="PASS" signature="start()[pri:0, instance:TestModule2.TestJaveInPom@21bcffb5]" name="start" duration-ms="225" started-at="2018-03-10T02:58:37Z" finished-at="2018-03-10T02:58:38Z">
          <reporter-output>
          </reporter-output>
        </test-method> <!-- start -->
        <test-method status="PASS" signature="release()[pri:0, instance:TestModule2.TestJaveInPom@21bcffb5]" name="release" is-config="true" duration-ms="587" started-at="2018-03-10T02:58:38Z" finished-at="2018-03-10T02:58:38Z">
          <reporter-output>
          </reporter-output>
        </test-method> <!-- release -->
      </class> <!-- TestModule2.TestJaveInPom -->
    </test> <!-- Command line test -->
  </suite> <!-- Command line suite -->
</testng-results>
