<?xml version="1.0" encoding="UTF-8"?>
<testng-results skipped="0" failed="0" ignored="0" total="2" passed="2">
  <reporter-output>
  </reporter-output>
  <suite name="Default suite" duration-ms="34219" started-at="2018-03-10T02:50:57Z" finished-at="2018-03-10T02:51:31Z">
    <groups>
    </groups>
    <test name="Default test" duration-ms="34219" started-at="2018-03-10T02:50:57Z" finished-at="2018-03-10T02:51:31Z">
      <class name="TestModule3.TestMutipleThreads">
        <test-method status="PASS" signature="visit51buy()[pri:0, instance:TestModule3.TestMutipleThreads@8bd1b6a]" name="visit51buy" duration-ms="27798" started-at="2018-03-10T02:50:57Z" finished-at="2018-03-10T02:51:24Z">
          <reporter-output>
          </reporter-output>
        </test-method> <!-- visit51buy -->
        <test-method status="PASS" signature="visitJD()[pri:0, instance:TestModule3.TestMutipleThreads@8bd1b6a]" name="visitJD" duration-ms="6402" started-at="2018-03-10T02:51:24Z" finished-at="2018-03-10T02:51:31Z">
          <reporter-output>
          </reporter-output>
        </test-method> <!-- visitJD -->
      </class> <!-- TestModule3.TestMutipleThreads -->
    </test> <!-- Default test -->
  </suite> <!-- Default suite -->
</testng-results>
